0 info it worked if it ends with ok
1 verbose cli [ '/usr/bin/node', '/usr/bin/npm', 'start', '--host=deppth.me' ]
2 info using npm@1.4.28
3 info using node@v0.10.37
4 verbose node symlink /usr/bin/node
5 verbose run-script [ 'prestart', 'start', 'poststart' ]
6 info prestart phaser-webpack-babel-boilerplate@1.0.0
7 info start phaser-webpack-babel-boilerplate@1.0.0
8 verbose unsafe-perm in lifecycle true
9 info phaser-webpack-babel-boilerplate@1.0.0 Failed to exec start script
10 error phaser-webpack-babel-boilerplate@1.0.0 start: `webpack-dev-server --hot`
10 error Exit status 137
11 error Failed at the phaser-webpack-babel-boilerplate@1.0.0 start script.
11 error This is most likely a problem with the phaser-webpack-babel-boilerplate package,
11 error not with npm itself.
11 error Tell the author that this fails on your system:
11 error     webpack-dev-server --hot
11 error You can get their info via:
11 error     npm owner ls phaser-webpack-babel-boilerplate
11 error There is likely additional logging output above.
12 error System Linux 4.4.0-36-generic
13 error command "/usr/bin/node" "/usr/bin/npm" "start" "--host=deppth.me"
14 error cwd /home/tito/repos/phaser-webpack-babel-boilerplate
15 error node -v v0.10.37
16 error npm -v 1.4.28
17 error code ELIFECYCLE
18 verbose exit [ 1, true ]
